<?xml version="1.0" encoding="UTF-8" ?>
<testsuite errors="1" failures="0" hostname="jagpal-PC" name="com.javawithease.testcase.DivisionTestCase" tests="1" time="0.0" timestamp="2014-12-11T12:48:46">
  <properties>
[...]
</properties>
  <error message="com.javawithease.testcase.DivisionTestCase" type="java.lang.ClassNotFoundException">java.lang.ClassNotFoundException: com.javawithease.testcase.DivisionTestCase
	at java.lang.ClassLoader.loadClass(ClassLoader.java:252)
	at java.lang.ClassLoader.loadClassInternal(ClassLoader.java:320)
	at java.lang.Class.forName0(Native Method)
	at java.lang.Class.forName(Class.java:247)
	at org.eclipse.ant.internal.launching.remote.EclipseDefaultExecutor.executeTargets(EclipseDefaultExecutor.java:32)
	at org.eclipse.ant.internal.launching.remote.InternalAntRunner.run(InternalAntRunner.java:424)
	at org.eclipse.ant.internal.launching.remote.InternalAntRunner.main(InternalAntRunner.java:138)
</error>
  <system-out><![CDATA[]]></system-out>
  <system-err><![CDATA[]]></system-err>
</testsuite>
